Arguments: 
  /usr/bin/node /usr/bin/yarn add

PATH: 
  /mnt/c/Program Files/Microsoft VS Code/bin/:/usr/local/sbin:/usr/local/bin:/usr/sbin:/usr/bin:/sbin:/bin:/usr/games:/usr/local/games

Yarn version: 
  1.5.1

Node version: 
  8.9.3

Platform: 
  linux x64

npm manifest: 
  {
    "name": "vinbuddies",
    "version": "1.0.0",
    "description": "",
    "main": "index.js",
    "scripts": {
      "test": "echo \"Error: no test specified\" && exit 1"
    },
    "author": "lukelyyeung",
    "license": "ISC",
    "dependencies": {
      "axios": "^0.18.0",
      "bcrypt": "^1.0.3",
      "body-parser": "^1.18.2",
      "cheerio": "^1.0.0-rc.2",
      "cors": "^2.8.4",
      "dotenv": "^5.0.1",
      "express": "^4.16.3",
      "express-session": "^1.15.6",
      "jwt-simple": "^0.5.1",
      "knex": "^0.14.4",
      "multer": "^1.3.0",
      "passport": "^0.4.0",
      "passport-jwt": "^4.0.0",
      "pg": "^7.4.1",
      "puppeteer": "^1.2.0",
      "require-dir": "^1.0.0"
    }
  }

yarn manifest: 
  No manifest

Lockfile: 
  No lockfile

Trace: 
  Error: Missing list of packages to add to your project.
      at new MessageError (/usr/lib/node_modules/yarn/lib/cli.js:186:110)
      at Object.<anonymous> (/usr/lib/node_modules/yarn/lib/cli.js:40587:13)
      at Generator.next (<anonymous>)
      at step (/usr/lib/node_modules/yarn/lib/cli.js:98:30)
      at /usr/lib/node_modules/yarn/lib/cli.js:116:14
      at new Promise (<anonymous>)
      at new F (/usr/lib/node_modules/yarn/lib/cli.js:23451:28)
      at Object.<anonymous> (/usr/lib/node_modules/yarn/lib/cli.js:95:12)
      at Object.run (/usr/lib/node_modules/yarn/lib/cli.js:40599:19)
      at run (/usr/lib/node_modules/yarn/lib/cli.js:89113:20)
